This file contains any messages produced by compilers while
running configure, to aid debugging if configure makes a mistake.

It was created by pcap configure 1.9.1, which was
generated by GNU Autoconf 2.69.  Invocation command line was

  $ ./configure --with-pcap=linux

## --------- ##
## Platform. ##
## --------- ##

hostname = Hiros-MacBook-Air.local
uname -m = arm64
uname -r = 21.4.0
uname -s = Darwin
uname -v = Darwin Kernel Version 21.4.0: Fri Mar 18 00:47:26 PDT 2022; root:xnu-8020.101.4~15/RELEASE_ARM64_T8101

/usr/bin/uname -p = arm
/bin/uname -X     = unknown

/bin/arch              = unknown
/usr/bin/arch -k       = unknown
/usr/convex/getsysinfo = unknown
/usr/bin/hostinfo      = Mach kernel version:
	 Darwin Kernel Version 21.4.0: Fri Mar 18 00:47:26 PDT 2022; root:xnu-8020.101.4~15/RELEASE_ARM64_T8101
Kernel configured for up to 8 processors.
8 processors are physically available.
8 processors are logically available.
Processor type: arm64e (ARM64E)
Processors active: 0 1 2 3 4 5 6 7
Primary memory available: 8.00 gigabytes
Default processor set: 392 tasks, 2386 threads, 8 processors
Load average: 4.49, Mach factor: 4.09
/bin/machine           = unknown
/usr/bin/oslevel       = unknown
/bin/universe          = unknown

PATH: /Users/hiro/.rbenv/shims
PATH: /opt/homebrew/opt/openvpn/sbin/openvpn
PATH: /opt/homebrew/opt/ruby/bin
PATH: /Users/hiro/.jenv/shims
PATH: /opt/homebrew/opt/openssl@3/bin
PATH: /Users/hiro/.pyenv/shims
PATH: /Users/hiro/.jenv/shims
PATH: /Users/hiro/.jenv/bin
PATH: /opt/homebrew/bin
PATH: /opt/homebrew/sbin
PATH: /usr/local/bin
PATH: /usr/bin
PATH: /bin
PATH: /usr/sbin
PATH: /sbin
PATH: /usr/local/go/bin
PATH: /Library/Apple/usr/bin
PATH: /users/hiro/go/bin
PATH: /Users/hiro/.rvm/bin
PATH: /Users/hiro/arm-unknown-linux-gnueabi/bin


## ----------- ##
## Core tests. ##
## ----------- ##

configure:2446: checking build system type
configure:2460: result: arm-apple-darwin21.4.0
configure:2480: checking host system type
configure:2493: result: arm-apple-darwin21.4.0
configure:2513: checking target system type
configure:2526: result: arm-apple-darwin21.4.0
configure:2678: checking for gcc
configure:2694: found /usr/bin/gcc
configure:2705: result: gcc
configure:2934: checking for C compiler version
configure:2943: gcc --version >&5
Apple clang version 13.1.6 (clang-1316.0.21.2.5)
Target: arm64-apple-darwin21.4.0
Thread model: posix
InstalledDir: /Applications/Xcode.app/Contents/Developer/Toolchains/XcodeDefault.xctoolchain/usr/bin
configure:2954: $? = 0
configure:2943: gcc -v >&5
Apple clang version 13.1.6 (clang-1316.0.21.2.5)
Target: arm64-apple-darwin21.4.0
Thread model: posix
InstalledDir: /Applications/Xcode.app/Contents/Developer/Toolchains/XcodeDefault.xctoolchain/usr/bin
configure:2954: $? = 0
configure:2943: gcc -V >&5
clang: error: argument to '-V' is missing (expected 1 value)
clang: error: no input files
configure:2954: $? = 1
configure:2943: gcc -qversion >&5
clang: error: unknown argument '-qversion'; did you mean '--version'?
clang: error: no input files
configure:2954: $? = 1
configure:2974: checking whether the C compiler works
configure:2996: gcc  -I/opt/homebrew/opt/libpcap/include -ldflags "-X main.VERSION=DEV-1663621199 -extldflags \"-static\"" conftest.c  >&5
clang: error: no such file or directory: '"-X'
clang: error: no such file or directory: 'main.VERSION=DEV-1663621199'
clang: error: no such file or directory: '\"-static\""'
configure:3000: $? = 1
configure:3038: result: no
configure: failed program was:
| /* confdefs.h */
| #define PACKAGE_NAME "pcap"
| #define PACKAGE_TARNAME "pcap"
| #define PACKAGE_VERSION "1.9.1"
| #define PACKAGE_STRING "pcap 1.9.1"
| #define PACKAGE_BUGREPORT ""
| #define PACKAGE_URL ""
| /* end confdefs.h.  */
| 
| int
| main ()
| {
| 
|   ;
|   return 0;
| }
configure:3043: error: in `/Users/hiro/hypertest/goreplay@v0.16.1/libpcap-1.9.1':
configure:3045: error: C compiler cannot create executables
See `config.log' for more details

## ---------------- ##
## Cache variables. ##
## ---------------- ##

ac_cv_build=arm-apple-darwin21.4.0
ac_cv_env_CC_set=
ac_cv_env_CC_value=
ac_cv_env_CFLAGS_set=
ac_cv_env_CFLAGS_value=
ac_cv_env_CPPFLAGS_set=set
ac_cv_env_CPPFLAGS_value=-I/opt/homebrew/opt/libpcap/include
ac_cv_env_CPP_set=
ac_cv_env_CPP_value=
ac_cv_env_LDFLAGS_set=set
ac_cv_env_LDFLAGS_value='-ldflags "-X main.VERSION=DEV-1663621199 -extldflags \"-static\""'
ac_cv_env_LIBS_set=
ac_cv_env_LIBS_value=
ac_cv_env_YACC_set=
ac_cv_env_YACC_value=
ac_cv_env_YFLAGS_set=
ac_cv_env_YFLAGS_value=
ac_cv_env_build_alias_set=
ac_cv_env_build_alias_value=
ac_cv_env_host_alias_set=
ac_cv_env_host_alias_value=
ac_cv_env_target_alias_set=
ac_cv_env_target_alias_value=
ac_cv_host=arm-apple-darwin21.4.0
ac_cv_prog_ac_ct_CC=gcc
ac_cv_target=arm-apple-darwin21.4.0

## ----------------- ##
## Output variables. ##
## ----------------- ##

ADDLARCHIVEOBJS=''
ADDLOBJS=''
AR=''
BT_MONITOR_SRC=''
BT_SRC=''
BUILD_RPCAPD=''
CC='gcc'
CFLAGS=''
CPP=''
CPPFLAGS='-I/opt/homebrew/opt/libpcap/include'
DBUS_SRC=''
DEFS=''
DEPENDENCY_CFLAG=''
DYEXT=''
ECHO_C='\c'
ECHO_N=''
ECHO_T=''
EGREP=''
EXEEXT=''
EXTRA_NETWORK_LIBS=''
GREP=''
INSTALL_DATA=''
INSTALL_PROGRAM=''
INSTALL_RPCAPD=''
INSTALL_SCRIPT=''
LDFLAGS='-ldflags "-X main.VERSION=DEV-1663621199 -extldflags \"-static\""'
LEX=''
LEXLIB=''
LEX_OUTPUT_ROOT=''
LIBOBJS=''
LIBS=''
LN_S=''
LTLIBOBJS=''
MAN_ADMIN_COMMANDS=''
MAN_DEVICES=''
MAN_FILE_FORMATS=''
MAN_MISC_INFO=''
MKDEP=''
NETFILTER_SRC=''
NETMAP_SRC=''
OBJEXT=''
PACKAGE_BUGREPORT=''
PACKAGE_NAME='pcap'
PACKAGE_STRING='pcap 1.9.1'
PACKAGE_TARNAME='pcap'
PACKAGE_URL=''
PACKAGE_VERSION='1.9.1'
PATH_SEPARATOR=':'
PCAP_SUPPORT_BT=''
PCAP_SUPPORT_DBUS=''
PCAP_SUPPORT_NETFILTER=''
PCAP_SUPPORT_NETMAP=''
PCAP_SUPPORT_PACKET_RING=''
PCAP_SUPPORT_RDMASNIFF=''
PCAP_SUPPORT_USB=''
PKGCONFIG=''
PTHREAD_LIBS=''
RANLIB=''
RDMA_SRC=''
RPCAPD_LIBS=''
SHELL='/bin/sh'
SHLICC2=''
SSRC=''
USB_SRC=''
VALGRINDTEST_SRC=''
V_CCOPT=''
V_DEFS=''
V_FINDALLDEVS=''
V_INCLS=''
V_LEX=''
V_LIB_CCOPT_FAT=''
V_LIB_LDFLAGS_FAT=''
V_PCAP=''
V_PROG_CCOPT_FAT=''
V_PROG_LDFLAGS_FAT=''
V_RPATH_OPT=''
V_SHLIB_CCOPT=''
V_SHLIB_CMD=''
V_SHLIB_OPT=''
V_SONAME_OPT=''
V_YACC=''
YACC=''
YFLAGS=''
ac_ct_CC='gcc'
bindir='${exec_prefix}/bin'
build='arm-apple-darwin21.4.0'
build_alias=''
build_cpu='arm'
build_os='darwin21.4.0'
build_vendor='apple'
datadir='${datarootdir}'
datarootdir='${prefix}/share'
docdir='${datarootdir}/doc/${PACKAGE_TARNAME}'
dvidir='${docdir}'
exec_prefix='NONE'
host='arm-apple-darwin21.4.0'
host_alias=''
host_cpu='arm'
host_os='darwin21.4.0'
host_vendor='apple'
htmldir='${docdir}'
includedir='${prefix}/include'
infodir='${datarootdir}/info'
libdir='${exec_prefix}/lib'
libexecdir='${exec_prefix}/libexec'
localedir='${datarootdir}/locale'
localstatedir='${prefix}/var'
mandir='${datarootdir}/man'
oldincludedir='/usr/include'
pdfdir='${docdir}'
prefix='NONE'
program_transform_name='s,x,x,'
psdir='${docdir}'
runstatedir='${localstatedir}/run'
sbindir='${exec_prefix}/sbin'
sharedstatedir='${prefix}/com'
sysconfdir='${prefix}/etc'
target='arm-apple-darwin21.4.0'
target_alias=''
target_cpu='arm'
target_os='darwin21.4.0'
target_vendor='apple'

## ----------- ##
## confdefs.h. ##
## ----------- ##

/* confdefs.h */
#define PACKAGE_NAME "pcap"
#define PACKAGE_TARNAME "pcap"
#define PACKAGE_VERSION "1.9.1"
#define PACKAGE_STRING "pcap 1.9.1"
#define PACKAGE_BUGREPORT ""
#define PACKAGE_URL ""

configure: exit 77
